<?xml version="1.0" encoding="UTF-8" ?>
<testsuite tests="6" failures="0" name="Account.AccountTest" time="0.001" errors="0" skipped="0">
  <properties>
[...]
</properties>
  <testcase classname="Account.AccountTest" name="Account.AccountTest.testWithdraw3" time="0.001"/>
  <testcase classname="Account.AccountTest" name="Account.AccountTest.testDeposit1" time="0"/>
  <testcase classname="Account.AccountTest" name="Account.AccountTest.testDeposit2" time="0"/>
  <testcase classname="Account.AccountTest" name="Account.AccountTest.testWithdraw2" time="0"/>
  <testcase classname="Account.AccountTest" name="Account.AccountTest.testDeposit3" time="0"/>
  <testcase classname="Account.AccountTest" name="Account.AccountTest.testWithdraw1" time="0"/>
</testsuite>